<?xml version="1.0" encoding="UTF-8"?>
<testng-results ignored="0" total="2" passed="0" failed="2" skipped="0">
  <reporter-output>
    <line>
      <![CDATA[Config property loaded<br>]]>
    </line>
    <line>
      <![CDATA[Browser launched<br>]]>
    </line>
    <line>
      <![CDATA[navigated to testsite URL<br>]]>
    </line>
    <line>
      <![CDATA[Cliking on an Element: close a Frame<br>]]>
    </line>
    <line>
      <![CDATA[Cliking on an Element: close a Modal<br>]]>
    </line>
    <line>
      <![CDATA[Typing in an Element: From value is: Delhi]]>
    </line>
    <line>
      <![CDATA[Typing in an Element: To value is: Banglore]]>
    </line>
    <line>
      <![CDATA[Air India Express<br>]]>
    </line>
    <line>
      <![CDATA[I5 743, I5 1613<br>]]>
    </line>
    <line>
      <![CDATA[05:00<br>]]>
    </line>
    <line>
      <![CDATA[New Delhi<br>]]>
    </line>
    <line>
      <![CDATA[08 h 30 m<br>]]>
    </line>
    <line>
      <![CDATA[1 stop via Jaipur<br>]]>
    </line>
    <line>
      <![CDATA[13:30<br>]]>
    </line>
    <line>
      <![CDATA[Bengaluru<br>]]>
    </line>
    <line>
      <![CDATA[per adult<br>]]>
    </line>
    <line>
      <![CDATA[<br>]]>
    </line>
    <line>
      <![CDATA[<a href=Thu_Nov_23_12_10_07_IST_2023.jpg target="_blank">Screenshot link</a>]]>
    </line>
    <line>
      <![CDATA[<br>]]>
    </line>
    <line>
      <![CDATA[<a href=Thu_Nov_23_12_10_07_IST_2023.jpg target="_blank"><img src=Thu_Nov_23_12_10_07_IST_2023.jpg height=200 width=200></a>]]>
    </line>
    <line>
      <![CDATA[Config property loaded<br>]]>
    </line>
    <line>
      <![CDATA[Browser launched<br>]]>
    </line>
    <line>
      <![CDATA[navigated to testsite URL<br>]]>
    </line>
    <line>
      <![CDATA[Cliking on an Element: close a Frame<br>]]>
    </line>
    <line>
      <![CDATA[Cliking on an Element: close a Modal<br>]]>
    </line>
    <line>
      <![CDATA[Typing in an Element: From value is: Bombay]]>
    </line>
    <line>
      <![CDATA[Typing in an Element: To value is: Abudhabi]]>
    </line>
    <line>
      <![CDATA[<a href=Thu_Nov_23_12_10_35_IST_2023.jpg target="_blank">Screenshot link</a>]]>
    </line>
    <line>
      <![CDATA[<br>]]>
    </line>
    <line>
      <![CDATA[<a href=Thu_Nov_23_12_10_35_IST_2023.jpg target="_blank"><img src=Thu_Nov_23_12_10_35_IST_2023.jpg height=200 width=200></a>]]>
    </line>
  </reporter-output>
  <suite started-at="2023-11-23T06:39:37Z" name="MMT Suite" finished-at="2023-11-23T06:40:35Z" duration-ms="57895">
    <groups>
    </groups>
    <test started-at="2023-11-23T06:39:37Z" name="Search Flight Test" finished-at="2023-11-23T06:40:08Z" duration-ms="30167">
      <class name="testcases.searchFlightTest">
        <test-method signature="searchFlightTests(java.lang.String, java.lang.String)[pri:0, instance:testcases.searchFlightTest@5ab14cb9]" started-at="2023-11-23T12:09:37Z" name="searchFlightTests" data-provider="getData" finished-at="2023-11-23T12:10:07Z" duration-ms="29761" status="FAIL">
          <params>
            <param index="0">
              <value>
                <![CDATA[Delhi]]>
              </value>
            </param>
            <param index="1">
              <value>
                <![CDATA[Banglore]]>
              </value>
            </param>
          </params>
          <exception class="java.lang.AssertionError">
            <message>
              <![CDATA[null]]>
            </message>
            <full-stacktrace>
              <![CDATA[java.lang.AssertionError: null
	at org.testng.Assert.fail(Assert.java:93)
	at org.testng.Assert.fail(Assert.java:100)
	at testcases.searchFlightTest.searchFlightTests(searchFlightTest.java:21)
	at java.base/jdk.internal.reflect.NativeMethodAccessorImpl.invoke0(Native Method)
	at java.base/jdk.internal.reflect.NativeMethodAccessorImpl.invoke(NativeMethodAccessorImpl.java:77)
	at java.base/jdk.internal.reflect.DelegatingMethodAccessorImpl.invoke(DelegatingMethodAccessorImpl.java:43)
	at java.base/java.lang.reflect.Method.invoke(Method.java:568)
	at org.testng.internal.MethodInvocationHelper.invokeMethod(MethodInvocationHelper.java:108)
	at org.testng.internal.Invoker.invokeMethod(Invoker.java:661)
	at org.testng.internal.Invoker.invokeTestMethod(Invoker.java:869)
	at org.testng.internal.Invoker.invokeTestMethods(Invoker.java:1193)
	at org.testng.internal.TestMethodWorker.invokeTestMethods(TestMethodWorker.java:126)
	at org.testng.internal.TestMethodWorker.run(TestMethodWorker.java:109)
	at org.testng.TestRunner.privateRun(TestRunner.java:744)
	at org.testng.TestRunner.run(TestRunner.java:602)
	at org.testng.SuiteRunner.runTest(SuiteRunner.java:380)
	at org.testng.SuiteRunner.runSequentially(SuiteRunner.java:375)
	at org.testng.SuiteRunner.privateRun(SuiteRunner.java:340)
	at org.testng.SuiteRunner.run(SuiteRunner.java:289)
	at org.testng.SuiteRunnerWorker.runSuite(SuiteRunnerWorker.java:52)
	at org.testng.SuiteRunnerWorker.run(SuiteRunnerWorker.java:86)
	at org.testng.TestNG.runSuitesSequentially(TestNG.java:1301)
	at org.testng.TestNG.runSuitesLocally(TestNG.java:1226)
	at org.testng.TestNG.runSuites(TestNG.java:1144)
	at org.testng.TestNG.run(TestNG.java:1115)
	at org.testng.remote.AbstractRemoteTestNG.run(AbstractRemoteTestNG.java:115)
	at org.testng.remote.RemoteTestNG.initAndRun(RemoteTestNG.java:251)
	at org.testng.remote.RemoteTestNG.main(RemoteTestNG.java:77)
]]>
            </full-stacktrace>
          </exception> <!-- java.lang.AssertionError -->
          <reporter-output>
            <line>
              <![CDATA[Config property loaded<br>]]>
            </line>
            <line>
              <![CDATA[Browser launched<br>]]>
            </line>
            <line>
              <![CDATA[navigated to testsite URL<br>]]>
            </line>
            <line>
              <![CDATA[Cliking on an Element: close a Frame<br>]]>
            </line>
            <line>
              <![CDATA[Cliking on an Element: close a Modal<br>]]>
            </line>
            <line>
              <![CDATA[Typing in an Element: From value is: Delhi]]>
            </line>
            <line>
              <![CDATA[Typing in an Element: To value is: Banglore]]>
            </line>
            <line>
              <![CDATA[Air India Express<br>]]>
            </line>
            <line>
              <![CDATA[I5 743, I5 1613<br>]]>
            </line>
            <line>
              <![CDATA[05:00<br>]]>
            </line>
            <line>
              <![CDATA[New Delhi<br>]]>
            </line>
            <line>
              <![CDATA[08 h 30 m<br>]]>
            </line>
            <line>
              <![CDATA[1 stop via Jaipur<br>]]>
            </line>
            <line>
              <![CDATA[13:30<br>]]>
            </line>
            <line>
              <![CDATA[Bengaluru<br>]]>
            </line>
            <line>
              <![CDATA[per adult<br>]]>
            </line>
            <line>
              <![CDATA[<br>]]>
            </line>
            <line>
              <![CDATA[<a href=Thu_Nov_23_12_10_07_IST_2023.jpg target="_blank">Screenshot link</a>]]>
            </line>
            <line>
              <![CDATA[<br>]]>
            </line>
            <line>
              <![CDATA[<a href=Thu_Nov_23_12_10_07_IST_2023.jpg target="_blank"><img src=Thu_Nov_23_12_10_07_IST_2023.jpg height=200 width=200></a>]]>
            </line>
          </reporter-output>
        </test-method> <!-- searchFlightTests -->
      </class> <!-- testcases.searchFlightTest -->
    </test> <!-- Search Flight Test -->
    <test started-at="2023-11-23T06:40:08Z" name="Search Return Flight Test" finished-at="2023-11-23T06:40:35Z" duration-ms="26864">
      <class name="testcases.searchReturnFlightTest">
        <test-method signature="searchReturnFlight()[pri:0, instance:testcases.searchReturnFlightTest@5118388b]" started-at="2023-11-23T12:10:08Z" name="searchReturnFlight" finished-at="2023-11-23T12:10:35Z" duration-ms="26607" status="FAIL">
          <exception class="org.openqa.selenium.ElementNotInteractableException">
            <message>
              <![CDATA[element not interactable
  (Session info: chrome=119.0.6045.105)
Build info: version: '4.9.0', revision: 'd7057100a6'
System info: os.name: 'Windows 10', os.arch: 'amd64', os.version: '10.0', java.version: '17.0.3'
Driver info: org.openqa.selenium.chrome.ChromeDriver
Command: [6ebdbfe3fd6e87b328559e7d464bcf4c, clickElement {id=C9EDBEA3373F419A6F5578CF64C757FE_element_227}]
Capabilities {acceptInsecureCerts: false, browserName: chrome, browserVersion: 119.0.6045.105, chrome: {chromedriverVersion: 119.0.6045.105 (38c72552c5e..., userDataDir: C:\Users\AL5208\AppData\Loc...}, fedcm:accounts: true, goog:chromeOptions: {debuggerAddress: localhost:56564}, networkConnectionEnabled: false, pageLoadStrategy: normal, platformName: WINDOWS, proxy: Proxy(), se:cdp: ws://localhost:56564/devtoo..., se:cdpVersion: 119.0.6045.105, setWindowRect: true, strictFileInteractability: false, timeouts: {implicit: 0, pageLoad: 300000, script: 30000}, unhandledPromptBehavior: dismiss and notify, webauthn:extension:credBlob: true, webauthn:extension:largeBlob: true, webauthn:extension:minPinLength: true, webauthn:extension:prf: true, webauthn:virtualAuthenticators: true}
Element: [[ChromeDriver: chrome on WINDOWS (6ebdbfe3fd6e87b328559e7d464bcf4c)] -> xpath: //*[contains(text(),'Cheapest')]]
Session ID: 6ebdbfe3fd6e87b328559e7d464bcf4c]]>
            </message>
            <full-stacktrace>
              <![CDATA[org.openqa.selenium.ElementNotInteractableException: element not interactable
  (Session info: chrome=119.0.6045.105)
Build info: version: '4.9.0', revision: 'd7057100a6'
System info: os.name: 'Windows 10', os.arch: 'amd64', os.version: '10.0', java.version: '17.0.3'
Driver info: org.openqa.selenium.chrome.ChromeDriver
Command: [6ebdbfe3fd6e87b328559e7d464bcf4c, clickElement {id=C9EDBEA3373F419A6F5578CF64C757FE_element_227}]
Capabilities {acceptInsecureCerts: false, browserName: chrome, browserVersion: 119.0.6045.105, chrome: {chromedriverVersion: 119.0.6045.105 (38c72552c5e..., userDataDir: C:\Users\AL5208\AppData\Loc...}, fedcm:accounts: true, goog:chromeOptions: {debuggerAddress: localhost:56564}, networkConnectionEnabled: false, pageLoadStrategy: normal, platformName: WINDOWS, proxy: Proxy(), se:cdp: ws://localhost:56564/devtoo..., se:cdpVersion: 119.0.6045.105, setWindowRect: true, strictFileInteractability: false, timeouts: {implicit: 0, pageLoad: 300000, script: 30000}, unhandledPromptBehavior: dismiss and notify, webauthn:extension:credBlob: true, webauthn:extension:largeBlob: true, webauthn:extension:minPinLength: true, webauthn:extension:prf: true, webauthn:virtualAuthenticators: true}
Element: [[ChromeDriver: chrome on WINDOWS (6ebdbfe3fd6e87b328559e7d464bcf4c)] -> xpath: //*[contains(text(),'Cheapest')]]
Session ID: 6ebdbfe3fd6e87b328559e7d464bcf4c
	at java.base/jdk.internal.reflect.NativeConstructorAccessorImpl.newInstance0(Native Method)
	at java.base/jdk.internal.reflect.NativeConstructorAccessorImpl.newInstance(NativeConstructorAccessorImpl.java:77)
	at java.base/jdk.internal.reflect.DelegatingConstructorAccessorImpl.newInstance(DelegatingConstructorAccessorImpl.java:45)
	at java.base/java.lang.reflect.Constructor.newInstanceWithCaller(Constructor.java:499)
	at java.base/java.lang.reflect.Constructor.newInstance(Constructor.java:480)
	at org.openqa.selenium.remote.codec.w3c.W3CHttpResponseCodec.createException(W3CHttpResponseCodec.java:200)
	at org.openqa.selenium.remote.codec.w3c.W3CHttpResponseCodec.decode(W3CHttpResponseCodec.java:133)
	at org.openqa.selenium.remote.codec.w3c.W3CHttpResponseCodec.decode(W3CHttpResponseCodec.java:53)
	at org.openqa.selenium.remote.HttpCommandExecutor.execute(HttpCommandExecutor.java:193)
	at org.openqa.selenium.remote.service.DriverCommandExecutor.invokeExecute(DriverCommandExecutor.java:183)
	at org.openqa.selenium.remote.service.DriverCommandExecutor.execute(DriverCommandExecutor.java:158)
	at org.openqa.selenium.remote.RemoteWebDriver.execute(RemoteWebDriver.java:543)
	at org.openqa.selenium.remote.RemoteWebElement.execute(RemoteWebElement.java:257)
	at org.openqa.selenium.remote.RemoteWebElement.click(RemoteWebElement.java:78)
	at jdk.internal.reflect.GeneratedMethodAccessor11.invoke(Unknown Source)
	at java.base/jdk.internal.reflect.DelegatingMethodAccessorImpl.invoke(DelegatingMethodAccessorImpl.java:43)
	at java.base/java.lang.reflect.Method.invoke(Method.java:568)
	at org.openqa.selenium.support.pagefactory.internal.LocatingElementHandler.invoke(LocatingElementHandler.java:52)
	at jdk.proxy2/jdk.proxy2.$Proxy16.click(Unknown Source)
	at pages.FlightPage.searchCheapestFlight(FlightPage.java:40)
	at testcases.searchReturnFlightTest.searchReturnFlight(searchReturnFlightTest.java:19)
	at java.base/jdk.internal.reflect.NativeMethodAccessorImpl.invoke0(Native Method)
	at java.base/jdk.internal.reflect.NativeMethodAccessorImpl.invoke(NativeMethodAccessorImpl.java:77)
	at java.base/jdk.internal.reflect.DelegatingMethodAccessorImpl.invoke(DelegatingMethodAccessorImpl.java:43)
	at java.base/java.lang.reflect.Method.invoke(Method.java:568)
	at org.testng.internal.MethodInvocationHelper.invokeMethod(MethodInvocationHelper.java:108)
	at org.testng.internal.Invoker.invokeMethod(Invoker.java:661)
	at org.testng.internal.Invoker.invokeTestMethod(Invoker.java:869)
	at org.testng.internal.Invoker.invokeTestMethods(Invoker.java:1193)
	at org.testng.internal.TestMethodWorker.invokeTestMethods(TestMethodWorker.java:126)
	at org.testng.internal.TestMethodWorker.run(TestMethodWorker.java:109)
	at org.testng.TestRunner.privateRun(TestRunner.java:744)
	at org.testng.TestRunner.run(TestRunner.java:602)
	at org.testng.SuiteRunner.runTest(SuiteRunner.java:380)
	at org.testng.SuiteRunner.runSequentially(SuiteRunner.java:375)
	at org.testng.SuiteRunner.privateRun(SuiteRunner.java:340)
	at org.testng.SuiteRunner.run(SuiteRunner.java:289)
	at org.testng.SuiteRunnerWorker.runSuite(SuiteRunnerWorker.java:52)
	at org.testng.SuiteRunnerWorker.run(SuiteRunnerWorker.java:86)
	at org.testng.TestNG.runSuitesSequentially(TestNG.java:1301)
	at org.testng.TestNG.runSuitesLocally(TestNG.java:1226)
	at org.testng.TestNG.runSuites(TestNG.java:1144)
	at org.testng.TestNG.run(TestNG.java:1115)
	at org.testng.remote.AbstractRemoteTestNG.run(AbstractRemoteTestNG.java:115)
	at org.testng.remote.RemoteTestNG.initAndRun(RemoteTestNG.java:251)
	at org.testng.remote.RemoteTestNG.main(RemoteTestNG.java:77)
]]>
            </full-stacktrace>
          </exception> <!-- org.openqa.selenium.ElementNotInteractableException -->
          <reporter-output>
            <line>
              <![CDATA[Config property loaded<br>]]>
            </line>
            <line>
              <![CDATA[Browser launched<br>]]>
            </line>
            <line>
              <![CDATA[navigated to testsite URL<br>]]>
            </line>
            <line>
              <![CDATA[Cliking on an Element: close a Frame<br>]]>
            </line>
            <line>
              <![CDATA[Cliking on an Element: close a Modal<br>]]>
            </line>
            <line>
              <![CDATA[Typing in an Element: From value is: Bombay]]>
            </line>
            <line>
              <![CDATA[Typing in an Element: To value is: Abudhabi]]>
            </line>
            <line>
              <![CDATA[<a href=Thu_Nov_23_12_10_35_IST_2023.jpg target="_blank">Screenshot link</a>]]>
            </line>
            <line>
              <![CDATA[<br>]]>
            </line>
            <line>
              <![CDATA[<a href=Thu_Nov_23_12_10_35_IST_2023.jpg target="_blank"><img src=Thu_Nov_23_12_10_35_IST_2023.jpg height=200 width=200></a>]]>
            </line>
          </reporter-output>
        </test-method> <!-- searchReturnFlight -->
      </class> <!-- testcases.searchReturnFlightTest -->
    </test> <!-- Search Return Flight Test -->
  </suite> <!-- MMT Suite -->
</testng-results>
