<html>
<head>
<title>TestNG:  Search Flight Test</title>
<link href="../testng.css" rel="stylesheet" type="text/css" />
<link href="../my-testng.css" rel="stylesheet" type="text/css" />

<style type="text/css">
.log { display: none;} 
.stack-trace { display: none;} 
</style>
<script type="text/javascript">
<!--
function flip(e) {
  current = e.style.display;
  if (current == 'block') {
    e.style.display = 'none';
    return 0;
  }
  else {
    e.style.display = 'block';
    return 1;
  }
}

function toggleBox(szDivId, elem, msg1, msg2)
{
  var res = -1;  if (document.getElementById) {
    res = flip(document.getElementById(szDivId));
  }
  else if (document.all) {
    // this is the way old msie versions work
    res = flip(document.all[szDivId]);
  }
  if(elem) {
    if(res == 0) elem.innerHTML = msg1; else elem.innerHTML = msg2;
  }

}

function toggleAllBoxes() {
  if (document.getElementsByTagName) {
    d = document.getElementsByTagName('div');
    for (i = 0; i < d.length; i++) {
      if (d[i].className == 'log') {
        flip(d[i]);
      }
    }
  }
}

// -->
</script>

</head>
<body>
<h2 align='center'>Search Flight Test</h2><table border='1' align="center">
<tr>
<td>Tests passed/Failed/Skipped:</td><td>0/1/0</td>
</tr><tr>
<td>Started on:</td><td>Thu Nov 23 12:09:37 IST 2023</td>
</tr>
<tr><td>Total time:</td><td>30 seconds (30167 ms)</td>
</tr><tr>
<td>Included groups:</td><td></td>
</tr><tr>
<td>Excluded groups:</td><td></td>
</tr>
</table><p/>
<small><i>(Hover the method name to see the test class name)</i></small><p/>
<table width='100%' border='1' class='invocation-failed'>
<tr><td colspan='4' align='center'><b>FAILED TESTS</b></td></tr>
<tr><td><b>Test method</b></td>
<td width="30%"><b>Exception</b></td>
<td width="10%"><b>Time (seconds)</b></td>
<td><b>Instance</b></td>
</tr>
<tr>
<td title='testcases.searchFlightTest.searchFlightTests()'><b>searchFlightTests</b><br>Test class: testcases.searchFlightTest<br>Parameters: Delhi, Banglore<br/>
<a href="#Output-1644864746" onClick='toggleBox("Output-1644864746", this, "Show output", "Hide output");'>Show output</a>

<a href="#Output-1644864746" onClick="toggleAllBoxes();">Show all outputs</a>
<div class='log' id="Output-1644864746">
Config property loaded<br><br/>
Browser launched<br><br/>
navigated to testsite URL<br><br/>
Cliking on an Element: close a Frame<br><br/>
Cliking on an Element: close a Modal<br><br/>
Typing in an Element: From value is: Delhi<br/>
Typing in an Element: To value is: Banglore<br/>
Air India Express<br><br/>
I5 743, I5 1613<br><br/>
05:00<br><br/>
New Delhi<br><br/>
08 h 30 m<br><br/>
1 stop via Jaipur<br><br/>
13:30<br><br/>
Bengaluru<br><br/>
per adult<br><br/>
<br><br/>
<a href=Thu_Nov_23_12_10_07_IST_2023.jpg target="_blank">Screenshot link</a><br/>
<br><br/>
<a href=Thu_Nov_23_12_10_07_IST_2023.jpg target="_blank"><img src=Thu_Nov_23_12_10_07_IST_2023.jpg height=200 width=200></a><br/>
</div>
</td>
<td><div><pre>java.lang.AssertionError: null
	at testcases.searchFlightTest.searchFlightTests(searchFlightTest.java:21)
... Removed 27 stack frames</pre></div><a href='#' onClick='toggleBox("stack-trace1644864746", this, "Click to show all stack frames", "Click to hide stack frames")'>Click to show all stack frames</a>
<div class='stack-trace' id='stack-trace1644864746'><pre>java.lang.AssertionError: null
	at org.testng.Assert.fail(Assert.java:93)
	at org.testng.Assert.fail(Assert.java:100)
	at testcases.searchFlightTest.searchFlightTests(searchFlightTest.java:21)
	at java.base/jdk.internal.reflect.NativeMethodAccessorImpl.invoke0(Native Method)
	at java.base/jdk.internal.reflect.NativeMethodAccessorImpl.invoke(NativeMethodAccessorImpl.java:77)
	at java.base/jdk.internal.reflect.DelegatingMethodAccessorImpl.invoke(DelegatingMethodAccessorImpl.java:43)
	at java.base/java.lang.reflect.Method.invoke(Method.java:568)
	at org.testng.internal.MethodInvocationHelper.invokeMethod(MethodInvocationHelper.java:108)
	at org.testng.internal.Invoker.invokeMethod(Invoker.java:661)
	at org.testng.internal.Invoker.invokeTestMethod(Invoker.java:869)
	at org.testng.internal.Invoker.invokeTestMethods(Invoker.java:1193)
	at org.testng.internal.TestMethodWorker.invokeTestMethods(TestMethodWorker.java:126)
	at org.testng.internal.TestMethodWorker.run(TestMethodWorker.java:109)
	at org.testng.TestRunner.privateRun(TestRunner.java:744)
	at org.testng.TestRunner.run(TestRunner.java:602)
	at org.testng.SuiteRunner.runTest(SuiteRunner.java:380)
	at org.testng.SuiteRunner.runSequentially(SuiteRunner.java:375)
	at org.testng.SuiteRunner.privateRun(SuiteRunner.java:340)
	at org.testng.SuiteRunner.run(SuiteRunner.java:289)
	at org.testng.SuiteRunnerWorker.runSuite(SuiteRunnerWorker.java:52)
	at org.testng.SuiteRunnerWorker.run(SuiteRunnerWorker.java:86)
	at org.testng.TestNG.runSuitesSequentially(TestNG.java:1301)
	at org.testng.TestNG.runSuitesLocally(TestNG.java:1226)
	at org.testng.TestNG.runSuites(TestNG.java:1144)
	at org.testng.TestNG.run(TestNG.java:1115)
	at org.testng.remote.AbstractRemoteTestNG.run(AbstractRemoteTestNG.java:115)
	at org.testng.remote.RemoteTestNG.initAndRun(RemoteTestNG.java:251)
	at org.testng.remote.RemoteTestNG.main(RemoteTestNG.java:77)
</pre></div></td>
<td>29</td>
<td>testcases.searchFlightTest@5ab14cb9</td></tr>
</table><p>
</body>
</html>